<?xml version="1.0" encoding="UTF-8"?>
<!-- Generated by org.testng.reporters.JUnitXMLReporter -->
<testsuite ignored="0" hostname="DESKTOP-4F545DN" failures="5" tests="29" name="Test" time="19.21" errors="0" timestamp="2022-05-26T12:00:11 IST">
  <testcase classname="com.employeeapi.TestCase.TC001_Get_All_EmployeeData" name="checkContentEncoding" time="0.019"/>
  <testcase classname="com.employeeapi.TestCase.TC001_Get_All_EmployeeData" name="checkContentType" time="0.003"/>
  <testcase classname="com.employeeapi.TestCase.TC001_Get_All_EmployeeData" name="checkResponseBody" time="0.044"/>
  <testcase classname="com.employeeapi.TestCase.TC001_Get_All_EmployeeData" name="checkServer" time="0.008"/>
  <testcase classname="com.employeeapi.TestCase.TC001_Get_All_EmployeeData" name="checkStatusCode" time="0.004"/>
  <testcase classname="com.employeeapi.TestCase.TC001_Get_All_EmployeeData" name="checkStatusLine" time="0.004"/>
  <testcase classname="com.employeeapi.TestCase.TC002_Get_Single_EmployeeData" name="checkContentEncoding" time="0.004"/>
  <testcase classname="com.employeeapi.TestCase.TC002_Get_Single_EmployeeData" name="checkContentType" time="0.011"/>
  <testcase classname="com.employeeapi.TestCase.TC002_Get_Single_EmployeeData" name="checkResponseBody" time="0.007"/>
  <testcase classname="com.employeeapi.TestCase.TC002_Get_Single_EmployeeData" name="checkServer" time="0.002"/>
  <testcase classname="com.employeeapi.TestCase.TC002_Get_Single_EmployeeData" name="checkStatusCode" time="0.02">
    <failure type="java.lang.AssertionError" message="expected [200] but found [404]">
      <![CDATA[java.lang.AssertionError: expected [200] but found [404]
at com.employeeapi.TestCase.TC002_Get_Single_EmployeeData.checkStatusCode(TC002_Get_Single_EmployeeData.java:47)
at java.base/java.util.ArrayList.forEach(ArrayList.java:1511)
... Removed 33 stack frames]]>
    </failure>
  </testcase> <!-- checkStatusCode -->
  <testcase classname="com.employeeapi.TestCase.TC002_Get_Single_EmployeeData" name="checkStatusLine" time="0.002">
    <failure type="java.lang.AssertionError" message="expected [HTTP/1.1 200 OK] but found [HTTP/1.1 404 Not Found]">
      <![CDATA[java.lang.AssertionError: expected [HTTP/1.1 200 OK] but found [HTTP/1.1 404 Not Found]
at com.employeeapi.TestCase.TC002_Get_Single_EmployeeData.checkStatusLine(TC002_Get_Single_EmployeeData.java:57)
at java.base/java.util.ArrayList.forEach(ArrayList.java:1511)
... Removed 33 stack frames]]>
    </failure>
  </testcase> <!-- checkStatusLine -->
  <testcase classname="com.employeeapi.TestCase.TC003_Post_CreateSingle_EmployeeData" name="checkContentEncoding" time="0.005"/>
  <testcase classname="com.employeeapi.TestCase.TC003_Post_CreateSingle_EmployeeData" name="checkContentType" time="0.005"/>
  <testcase classname="com.employeeapi.TestCase.TC003_Post_CreateSingle_EmployeeData" name="checkResponseBody" time="0.008"/>
  <testcase classname="com.employeeapi.TestCase.TC003_Post_CreateSingle_EmployeeData" name="checkServer" time="0.006"/>
  <testcase classname="com.employeeapi.TestCase.TC003_Post_CreateSingle_EmployeeData" name="checkStatusCode" time="0.001"/>
  <testcase classname="com.employeeapi.TestCase.TC003_Post_CreateSingle_EmployeeData" name="checkStatusLine" time="0.001"/>
  <testcase classname="com.employeeapi.TestCase.TC004_Put_UpdateSingle_EmployeeData" name="checkContentEncoding" time="0.005"/>
  <testcase classname="com.employeeapi.TestCase.TC004_Put_UpdateSingle_EmployeeData" name="checkContentType" time="0.003"/>
  <testcase classname="com.employeeapi.TestCase.TC004_Put_UpdateSingle_EmployeeData" name="checkResponseBody" time="0.004">
    <failure type="java.lang.AssertionError" message="expected [true] but found [false]">
      <![CDATA[java.lang.AssertionError: expected [true] but found [false]
at com.employeeapi.TestCase.TC004_Put_UpdateSingle_EmployeeData.checkResponseBody(TC004_Put_UpdateSingle_EmployeeData.java:53)
at java.base/java.util.ArrayList.forEach(ArrayList.java:1511)
... Removed 33 stack frames]]>
    </failure>
  </testcase> <!-- checkResponseBody -->
  <testcase classname="com.employeeapi.TestCase.TC004_Put_UpdateSingle_EmployeeData" name="checkServer" time="0.009"/>
  <testcase classname="com.employeeapi.TestCase.TC004_Put_UpdateSingle_EmployeeData" name="checkStatusCode" time="0.003">
    <failure type="java.lang.AssertionError" message="expected [200] but found [404]">
      <![CDATA[java.lang.AssertionError: expected [200] but found [404]
at com.employeeapi.TestCase.TC004_Put_UpdateSingle_EmployeeData.checkStatusCode(TC004_Put_UpdateSingle_EmployeeData.java:64)
at java.base/java.util.ArrayList.forEach(ArrayList.java:1511)
... Removed 33 stack frames]]>
    </failure>
  </testcase> <!-- checkStatusCode -->
  <testcase classname="com.employeeapi.TestCase.TC004_Put_UpdateSingle_EmployeeData" name="checkStatusLine" time="0.005">
    <failure type="java.lang.AssertionError" message="expected [HTTP/1.1 200 OK] but found [HTTP/1.1 404 Not Found]">
      <![CDATA[java.lang.AssertionError: expected [HTTP/1.1 200 OK] but found [HTTP/1.1 404 Not Found]
at com.employeeapi.TestCase.TC004_Put_UpdateSingle_EmployeeData.checkStatusLine(TC004_Put_UpdateSingle_EmployeeData.java:74)
at java.base/java.util.ArrayList.forEach(ArrayList.java:1511)
... Removed 33 stack frames]]>
    </failure>
  </testcase> <!-- checkStatusLine -->
  <testcase classname="com.employeeapi.TestCase.TC005_DeleteSingle_EmployeeData" name="checkContentEncoding" time="0.004"/>
  <testcase classname="com.employeeapi.TestCase.TC005_DeleteSingle_EmployeeData" name="checkResponseBody" time="0.007"/>
  <testcase classname="com.employeeapi.TestCase.TC005_DeleteSingle_EmployeeData" name="checkServer" time="0.001"/>
  <testcase classname="com.employeeapi.TestCase.TC005_DeleteSingle_EmployeeData" name="checkStatusCode" time="0.003"/>
  <testcase classname="com.employeeapi.TestCase.TC005_DeleteSingle_EmployeeData" name="checkStatusLine" time="0.002"/>
</testsuite> <!-- Test -->
