<?xml version="1.0" encoding="UTF-8"?>
<!-- Generated by org.testng.reporters.JUnitXMLReporter -->
<testsuite ignored="0" hostname="DESKTOP-4F545DN" failures="0" tests="5" name="Default test" time="6.665" errors="0" timestamp="2022-05-25T20:36:13 IST">
  <testcase classname="com.employeeapi.TestCase.TC005_DeleteSingle_EmployeeData" name="checkContentEncoding" time="0.017"/>
  <testcase classname="com.employeeapi.TestCase.TC005_DeleteSingle_EmployeeData" name="checkResponseBody" time="0.003"/>
  <testcase classname="com.employeeapi.TestCase.TC005_DeleteSingle_EmployeeData" name="checkServer" time="0.002"/>
  <testcase classname="com.employeeapi.TestCase.TC005_DeleteSingle_EmployeeData" name="checkStatusCode" time="0.002"/>
  <testcase classname="com.employeeapi.TestCase.TC005_DeleteSingle_EmployeeData" name="checkStatusLine" time="0.004"/>
</testsuite> <!-- Default test -->
